<?xml version="1.0" encoding="UTF-8"?>
<!-- Generated by org.testng.reporters.JUnitReportReporter -->
<testsuite skipped="0" hostname="alok" name="com.actitime.test.CreateCustomer" tests="2" failures="0" timestamp="03 Jul 2020 04:10:30 GMT" time="0.058" errors="0">
  <testcase name="testCreateCustomer" time="0.050" classname="com.actitime.test.CreateCustomer"/>
  <testcase name="testCreateCustomer2" time="0.008" classname="com.actitime.test.CreateCustomer"/>
</testsuite> <!-- com.actitime.test.CreateCustomer -->
